2022-05-03 15:23:27.864  INFO 5568 --- [main] c.p.l.LeaveManagementSystem              : Starting LeaveManagementSystem using Java 17.0.2 on DESKTOP-MOPDMAN with PID 5568 (D:\ramkrishna\leave-management-system-backend\target\classes started by PH in D:\ramkrishna\leave-management-system-backend)
2022-05-03 15:23:27.961  INFO 5568 --- [main] c.p.l.LeaveManagementSystem              : No active profile set, falling back to default profiles: default
2022-05-03 15:23:35.736  INFO 5568 --- [main] .s.d.r.c.RepositoryConfigurationDelegate : Bootstrapping Spring Data JPA repositories in DEFAULT mode.
2022-05-03 15:23:36.267  INFO 5568 --- [main] .s.d.r.c.RepositoryConfigurationDelegate : Finished Spring Data repository scanning in 473 ms. Found 2 JPA repository interfaces.
2022-05-03 15:23:39.876  INFO 5568 --- [main] o.s.b.w.embedded.tomcat.TomcatWebServer  : Tomcat initialized with port(s): 9091 (http)
2022-05-03 15:23:39.939  INFO 5568 --- [main] o.apache.catalina.core.StandardService   : Starting service [Tomcat]
2022-05-03 15:23:39.954  INFO 5568 --- [main] org.apache.catalina.core.StandardEngine  : Starting Servlet engine: [Apache Tomcat/9.0.53]
2022-05-03 15:23:40.391  INFO 5568 --- [main] o.a.c.c.C.[Tomcat].[localhost].[/]       : Initializing Spring embedded WebApplicationContext
2022-05-03 15:23:40.391  INFO 5568 --- [main] w.s.c.ServletWebServerApplicationContext : Root WebApplicationContext: initialization completed in 11632 ms
2022-05-03 15:23:41.001  INFO 5568 --- [main] o.hibernate.jpa.internal.util.LogHelper  : HHH000204: Processing PersistenceUnitInfo [name: default]
2022-05-03 15:23:41.688  INFO 5568 --- [main] org.hibernate.Version                    : HHH000412: Hibernate ORM core version 5.4.32.Final
2022-05-03 15:23:42.913  INFO 5568 --- [main] o.hibernate.annotations.common.Version   : HCANN000001: Hibernate Commons Annotations {5.1.2.Final}
2022-05-03 15:23:43.475  INFO 5568 --- [main] com.zaxxer.hikari.HikariDataSource       : HikariPool-1 - Starting...
2022-05-03 15:23:43.491  WARN 5568 --- [main] com.zaxxer.hikari.util.DriverDataSource  : Registered driver with driverClassName=com.mysql.jdbc.Driver was not found, trying direct instantiation.
2022-05-03 15:23:47.934  INFO 5568 --- [main] com.zaxxer.hikari.HikariDataSource       : HikariPool-1 - Start completed.
2022-05-03 15:23:48.075  INFO 5568 --- [main] org.hibernate.dialect.Dialect            : HHH000400: Using dialect: org.hibernate.dialect.MySQL8Dialect
2022-05-03 15:23:52.152  INFO 5568 --- [main] o.h.e.t.j.p.i.JtaPlatformInitiator       : HHH000490: Using JtaPlatform implementation: [org.hibernate.engine.transaction.jta.platform.internal.NoJtaPlatform]
2022-05-03 15:23:52.152  INFO 5568 --- [main] j.LocalContainerEntityManagerFactoryBean : Initialized JPA EntityManagerFactory for persistence unit 'default'
2022-05-03 15:23:54.216  WARN 5568 --- [main] JpaBaseConfiguration$JpaWebConfiguration : spring.jpa.open-in-view is enabled by default. Therefore, database queries may be performed during view rendering. Explicitly configure spring.jpa.open-in-view to disable this warning
2022-05-03 15:23:56.528  INFO 5568 --- [main] pertySourcedRequestMappingHandlerMapping : Mapped URL path [/v2/api-docs] onto method [springfox.documentation.swagger2.web.Swagger2Controller#getDocumentation(String, HttpServletRequest)]
2022-05-03 15:23:56.700  INFO 5568 --- [main] o.s.s.web.DefaultSecurityFilterChain     : Will secure any request with [org.springframework.security.web.context.request.async.WebAsyncManagerIntegrationFilter@d695f9d, org.springframework.security.web.context.SecurityContextPersistenceFilter@3b60be3, org.springframework.security.web.header.HeaderWriterFilter@68303aad, org.springframework.web.filter.CorsFilter@7daf167, org.springframework.security.web.authentication.logout.LogoutFilter@23e1f610, com.prismaticsoftware.leavemanagementsystem.configuration.JwtAunthenticationFilter@44580de0, org.springframework.security.web.authentication.UsernamePasswordAuthenticationFilter@91c11b6, org.springframework.security.web.savedrequest.RequestCacheAwareFilter@64a8851a, org.springframework.security.web.servletapi.SecurityContextHolderAwareRequestFilter@e30a8ef, org.springframework.security.web.authentication.AnonymousAuthenticationFilter@6df4d8f1, org.springframework.security.web.session.SessionManagementFilter@1d0acb8f, org.springframework.security.web.access.ExceptionTranslationFilter@6779af40, org.springframework.security.web.access.intercept.FilterSecurityInterceptor@8cd2bb5]
2022-05-03 15:23:57.309  INFO 5568 --- [main] o.s.b.w.embedded.tomcat.TomcatWebServer  : Tomcat started on port(s): 9091 (http) with context path ''
2022-05-03 15:23:57.309  INFO 5568 --- [main] d.s.w.p.DocumentationPluginsBootstrapper : Context refreshed
2022-05-03 15:23:57.466  INFO 5568 --- [main] d.s.w.p.DocumentationPluginsBootstrapper : Found 1 custom documentation plugin(s)
2022-05-03 15:23:57.513  INFO 5568 --- [main] s.d.s.w.s.ApiListingReferenceScanner     : Scanning for api listing references
2022-05-03 15:23:57.924  INFO 5568 --- [main] c.p.l.LeaveManagementSystem              : Started LeaveManagementSystem in 33.93 seconds (JVM running for 36.873)
2022-05-03 15:36:42.681  INFO 5568 --- [http-nio-9091-exec-2] o.a.c.c.C.[Tomcat].[localhost].[/]       : Initializing Spring DispatcherServlet 'dispatcherServlet'
2022-05-03 15:36:42.681  INFO 5568 --- [http-nio-9091-exec-2] o.s.web.servlet.DispatcherServlet        : Initializing Servlet 'dispatcherServlet'
2022-05-03 15:36:42.686  INFO 5568 --- [http-nio-9091-exec-2] o.s.web.servlet.DispatcherServlet        : Completed initialization in 5 ms
2022-05-03 15:36:42.895  INFO 5568 --- [http-nio-9091-exec-2] c.p.l.controller.JwtController           : JwtRequest [emailId=cherry@gmail.com, password=Krishna123]
2022-05-03 15:37:00.540  INFO 5568 --- [http-nio-9091-exec-3] c.p.l.controller.UserController          : Entering in getAllEmployee
2022-05-03 15:37:00.638  INFO 5568 --- [http-nio-9091-exec-3] c.p.l.controller.UserController          : All User[UserEntity(id=1, fullName=Rakesh, emailId=rakesh12345.sheral@gmail.com, password=rak12345, phoneNumber=8180088568, role=admin), UserEntity(id=13, fullName=Cherry, emailId=cherry@gmail.com, password=Krishna123, phoneNumber=8180088568, role=admin)]
2022-05-03 15:37:00.638  INFO 5568 --- [http-nio-9091-exec-3] c.p.l.controller.UserController          : Entering in getAllEmployee
2022-05-03 15:37:11.532  INFO 5568 --- [http-nio-9091-exec-4] c.p.l.controller.UserController          : Entering in resetPassword
2022-05-03 15:37:11.562  INFO 5568 --- [http-nio-9091-exec-4] c.p.l.controller.UserController          : Exit in resetPassword
2022-05-03 15:37:59.152  INFO 5568 --- [http-nio-9091-exec-5] c.p.l.controller.UserController          : Entering in getAllEmployee
2022-05-03 15:37:59.158  INFO 5568 --- [http-nio-9091-exec-5] c.p.l.controller.UserController          : All User[UserEntity(id=1, fullName=Rakesh, emailId=rakesh12345.sheral@gmail.com, password=rak12345, phoneNumber=8180088568, role=admin), UserEntity(id=13, fullName=Cherry, emailId=cherry@gmail.com, password=Krishna123, phoneNumber=8180088568, role=admin)]
2022-05-03 15:37:59.159  INFO 5568 --- [http-nio-9091-exec-5] c.p.l.controller.UserController          : Entering in getAllEmployee
2022-05-03 15:38:58.909  INFO 5568 --- [http-nio-9091-exec-6] c.p.l.controller.LeaveController         : Entering in getEmployeeDetails
2022-05-03 15:38:58.934  INFO 5568 --- [http-nio-9091-exec-6] c.p.l.controller.LeaveController         : All Details[Employee(id=2, name=Raksha7 Rawat, leaveType=Vacation, notes=Marriage, leaveStartDate=2022-04-26T18:30:00.000Z, leaveEndDate=2022-04-27T18:30:00.000Z, emailAddress=kiran222@prissoft.net), Employee(id=3, name=Kiran34 Rawat, leaveType=Vacation, notes=Marriage, leaveStartDate=2022-04-26T18:30:00.000Z, leaveEndDate=2022-04-27T18:30:00.000Z, emailAddress=kiran222@prissoft.net), Employee(id=4, name=Ganga Muthur, leaveType=Vacation, notes=Marriage, leaveStartDate=2022-04-26T18:30:00.000Z, leaveEndDate=2022-04-27T18:30:00.000Z, emailAddress=ganga@prissoft.net), Employee(id=5, name=Ramkrishna Sheral, leaveType=Vacation, notes=Trekking, leaveStartDate=2022-04-28T18:30:00.000Z, leaveEndDate=2022-04-28T18:30:00.000Z, emailAddress=ramkrishna.sheral@gmail.com), Employee(id=6, name=Kiran Patil, leaveType=Vacation, notes=Kiran, leaveStartDate=2022-04-27T18:30:00.000Z, leaveEndDate=2022-04-28T18:30:00.000Z, emailAddress=kiranpatil@gmail.com), Employee(id=7, name=Raj Kumar, leaveType=Vacation, notes=Raaz, leaveStartDate=2022-04-27T18:30:00.000Z, leaveEndDate=2022-04-28T18:30:00.000Z, emailAddress=raj@gmail.com), Employee(id=8, name=Krishna  Goutham, leaveType=Business Tour, notes=Client meet, leaveStartDate=2022-04-28T18:30:00.000Z, leaveEndDate=2022-04-28T18:30:00.000Z, emailAddress=Krishnagoutham@gmail.com), Employee(id=9, name=Sudip Panja, leaveType=Vacation, notes=Trip, leaveStartDate=2022-04-27T18:30:00.000Z, leaveEndDate=2022-04-28T18:30:00.000Z, emailAddress=sudip@gmail.com), Employee(id=10, name=Ramkrishna Sheral, leaveType=Vacation, notes=raam mandir, leaveStartDate=2022-04-27T18:30:00.000Z, leaveEndDate=2022-04-28T18:30:00.000Z, emailAddress=ram77@gmail.com), Employee(id=11, name=Raam, leaveType=Medical, notes=Gmail, leaveStartDate=2022-04-27T18:30:00.000Z, leaveEndDate=2022-04-28T18:30:00.000Z, emailAddress=ram@gmail.com), Employee(id=12, name=Radha, leaveType=Vacation, notes=Vacation , leaveStartDate=2022-04-27T18:30:00.000Z, leaveEndDate=2022-04-28T18:30:00.000Z, emailAddress=radha@gmail.com), Employee(id=14, name=Gangadevi Devdasi, leaveType=Sick, notes=Stomach Pain, leaveStartDate=2022-04-26T18:30:00.000Z, leaveEndDate=2022-04-27T18:30:00.000Z, emailAddress=gangadevi@prissoft.net), Employee(id=15, name=Gangadevi Devdasi, leaveType=Sick, notes=Stomach Pain, leaveStartDate=2022-04-26, leaveEndDate=2022-04-27, emailAddress=gangadevi@prissoft.net), Employee(id=16, name=Kunal Suryawanshi, leaveType=Vacation, notes=family Trip, leaveStartDate=2022-04-20T18:30:00.000Z, leaveEndDate=2022-04-28T18:30:00.000Z, emailAddress=kunal@gmail.com), Employee(id=17, name=Sudip , leaveType=Vacation, notes=Temple , leaveStartDate=2022-04-20T18:30:00.000Z, leaveEndDate=2022-04-28T18:30:00.000Z, emailAddress=sudip@gmail.com), Employee(id=18, name=Sonali Gadge, leaveType=Vacation, notes=Test, leaveStartDate=2022-04-28T18:30:00.000Z, leaveEndDate=2022-04-29T18:30:00.000Z, emailAddress=sonali@gmail.com), Employee(id=19, name=Gangadevi Devdasani, leaveType=Sick, notes=Stomach Pain, leaveStartDate=2022-04-26, leaveEndDate=2022-04-27, emailAddress=gangadevi@prissoft.net), Employee(id=20, name=Devi Devsani, leaveType=Vacation, notes=Marriage Rituals, leaveStartDate=2022-05-2, leaveEndDate=2022-05-2, emailAddress=devi@gmail.com)]
2022-05-03 15:38:58.934  INFO 5568 --- [http-nio-9091-exec-6] c.p.l.controller.LeaveController         : Exit in getEmployeeDetails
2022-05-03 15:39:30.419  INFO 5568 --- [http-nio-9091-exec-7] c.p.l.controller.LeaveController         : Entering updateEmployeePayrollById
2022-05-03 15:39:39.997  INFO 5568 --- [http-nio-9091-exec-9] c.p.l.controller.LeaveController         : Entering deleteEmployeePayroll
2022-05-03 16:55:01.579  WARN 5568 --- [HikariPool-1 housekeeper] com.zaxxer.hikari.pool.HikariPool        : HikariPool-1 - Thread starvation or clock leap detected (housekeeper delta=20m42s399ms399µs).
2022-05-03 16:58:09.601  WARN 5568 --- [HikariPool-1 housekeeper] com.zaxxer.hikari.pool.HikariPool        : HikariPool-1 - Thread starvation or clock leap detected (housekeeper delta=2m5s575ms974µs200ns).
2022-05-03 17:46:22.395  INFO 5568 --- [http-nio-9091-exec-10] c.p.l.controller.LeaveController         : Entering deleteEmployeePayroll
2022-05-03 17:46:23.434  INFO 5568 --- [http-nio-9091-exec-10] c.p.l.service.EmployeeService            : Employee DeletedEmployee(id=20, name=Devi Devsani, leaveType=Vacation, notes=Marriage Rituals, leaveStartDate=2022-05-2, leaveEndDate=2022-05-2, emailAddress=devi@gmail.com)
2022-05-03 17:46:23.435  INFO 5568 --- [http-nio-9091-exec-10] c.p.l.controller.LeaveController         : Exit deleteEmployeePayroll
2022-05-03 17:58:55.758  INFO 5568 --- [SpringApplicationShutdownHook] j.LocalContainerEntityManagerFactoryBean : Closing JPA EntityManagerFactory for persistence unit 'default'
2022-05-03 17:58:55.800  INFO 5568 --- [SpringApplicationShutdownHook] com.zaxxer.hikari.HikariDataSource       : HikariPool-1 - Shutdown initiated...
2022-05-03 17:58:55.843  INFO 5568 --- [SpringApplicationShutdownHook] com.zaxxer.hikari.HikariDataSource       : HikariPool-1 - Shutdown completed.
2022-05-03 17:59:28.107  INFO 6376 --- [main] c.p.l.LeaveManagementSystem              : Starting LeaveManagementSystem using Java 17.0.2 on DESKTOP-MOPDMAN with PID 6376 (D:\ramkrishna\leave-management-system-backend\target\classes started by PH in D:\ramkrishna\leave-management-system-backend)
2022-05-03 17:59:28.112  INFO 6376 --- [main] c.p.l.LeaveManagementSystem              : No active profile set, falling back to default profiles: default
2022-05-03 17:59:31.964  INFO 6376 --- [main] .s.d.r.c.RepositoryConfigurationDelegate : Bootstrapping Spring Data JPA repositories in DEFAULT mode.
2022-05-03 17:59:32.204  INFO 6376 --- [main] .s.d.r.c.RepositoryConfigurationDelegate : Finished Spring Data repository scanning in 211 ms. Found 2 JPA repository interfaces.
2022-05-03 17:59:34.235  INFO 6376 --- [main] o.s.b.w.embedded.tomcat.TomcatWebServer  : Tomcat initialized with port(s): 9091 (http)
2022-05-03 17:59:34.286  INFO 6376 --- [main] o.apache.catalina.core.StandardService   : Starting service [Tomcat]
2022-05-03 17:59:34.287  INFO 6376 --- [main] org.apache.catalina.core.StandardEngine  : Starting Servlet engine: [Apache Tomcat/9.0.53]
2022-05-03 17:59:34.789  INFO 6376 --- [main] o.a.c.c.C.[Tomcat].[localhost].[/]       : Initializing Spring embedded WebApplicationContext
2022-05-03 17:59:34.790  INFO 6376 --- [main] w.s.c.ServletWebServerApplicationContext : Root WebApplicationContext: initialization completed in 6282 ms
2022-05-03 17:59:35.365  INFO 6376 --- [main] o.hibernate.jpa.internal.util.LogHelper  : HHH000204: Processing PersistenceUnitInfo [name: default]
2022-05-03 17:59:35.560  INFO 6376 --- [main] org.hibernate.Version                    : HHH000412: Hibernate ORM core version 5.4.32.Final
2022-05-03 17:59:36.053  INFO 6376 --- [main] o.hibernate.annotations.common.Version   : HCANN000001: Hibernate Commons Annotations {5.1.2.Final}
2022-05-03 17:59:36.331  INFO 6376 --- [main] com.zaxxer.hikari.HikariDataSource       : HikariPool-1 - Starting...
2022-05-03 17:59:36.336  WARN 6376 --- [main] com.zaxxer.hikari.util.DriverDataSource  : Registered driver with driverClassName=com.mysql.jdbc.Driver was not found, trying direct instantiation.
2022-05-03 17:59:38.236  INFO 6376 --- [main] com.zaxxer.hikari.HikariDataSource       : HikariPool-1 - Start completed.
2022-05-03 17:59:38.316  INFO 6376 --- [main] org.hibernate.dialect.Dialect            : HHH000400: Using dialect: org.hibernate.dialect.MySQL8Dialect
2022-05-03 17:59:41.575  INFO 6376 --- [main] o.h.e.t.j.p.i.JtaPlatformInitiator       : HHH000490: Using JtaPlatform implementation: [org.hibernate.engine.transaction.jta.platform.internal.NoJtaPlatform]
2022-05-03 17:59:41.603  INFO 6376 --- [main] j.LocalContainerEntityManagerFactoryBean : Initialized JPA EntityManagerFactory for persistence unit 'default'
2022-05-03 17:59:42.289  WARN 6376 --- [main] JpaBaseConfiguration$JpaWebConfiguration : spring.jpa.open-in-view is enabled by default. Therefore, database queries may be performed during view rendering. Explicitly configure spring.jpa.open-in-view to disable this warning
2022-05-03 17:59:43.547  INFO 6376 --- [main] pertySourcedRequestMappingHandlerMapping : Mapped URL path [/v2/api-docs] onto method [springfox.documentation.swagger2.web.Swagger2Controller#getDocumentation(String, HttpServletRequest)]
2022-05-03 17:59:43.726  INFO 6376 --- [main] o.s.s.web.DefaultSecurityFilterChain     : Will secure any request with [org.springframework.security.web.context.request.async.WebAsyncManagerIntegrationFilter@3e0600a4, org.springframework.security.web.context.SecurityContextPersistenceFilter@df34b01, org.springframework.security.web.header.HeaderWriterFilter@f9979cf, org.springframework.web.filter.CorsFilter@341141ab, org.springframework.security.web.authentication.logout.LogoutFilter@31885b4b, com.prismaticsoftware.leavemanagementsystem.configuration.JwtAunthenticationFilter@29c21acb, org.springframework.security.web.authentication.UsernamePasswordAuthenticationFilter@45bbb3e8, org.springframework.security.web.savedrequest.RequestCacheAwareFilter@f31b991, org.springframework.security.web.servletapi.SecurityContextHolderAwareRequestFilter@65871cfd, org.springframework.security.web.authentication.AnonymousAuthenticationFilter@1773faf8, org.springframework.security.web.session.SessionManagementFilter@cce672c, org.springframework.security.web.access.ExceptionTranslationFilter@113e6e06, org.springframework.security.web.access.intercept.FilterSecurityInterceptor@267a8777]
2022-05-03 17:59:44.226  INFO 6376 --- [main] o.s.b.w.embedded.tomcat.TomcatWebServer  : Tomcat started on port(s): 9091 (http) with context path ''
2022-05-03 17:59:44.227  INFO 6376 --- [main] d.s.w.p.DocumentationPluginsBootstrapper : Context refreshed
2022-05-03 17:59:44.415  INFO 6376 --- [main] d.s.w.p.DocumentationPluginsBootstrapper : Found 1 custom documentation plugin(s)
2022-05-03 17:59:44.443  INFO 6376 --- [main] s.d.s.w.s.ApiListingReferenceScanner     : Scanning for api listing references
2022-05-03 17:59:44.675  INFO 6376 --- [main] c.p.l.LeaveManagementSystem              : Started LeaveManagementSystem in 18.771 seconds (JVM running for 22.62)
