2022-05-04 11:02:39.534  INFO 3396 --- [main] c.p.l.LeaveManagementSystem              : Starting LeaveManagementSystem using Java 17.0.2 on DESKTOP-MOPDMAN with PID 3396 (C:\Users\PH\Downloads\leave-management-backend-master-github\leave-management-backend-master\target\classes started by PH in C:\Users\PH\Downloads\leave-management-backend-master-github\leave-management-backend-master)
2022-05-04 11:02:39.551  INFO 3396 --- [main] c.p.l.LeaveManagementSystem              : No active profile set, falling back to default profiles: default
2022-05-04 11:02:45.578  INFO 3396 --- [main] .s.d.r.c.RepositoryConfigurationDelegate : Bootstrapping Spring Data JPA repositories in DEFAULT mode.
2022-05-04 11:02:45.750  INFO 3396 --- [main] .s.d.r.c.RepositoryConfigurationDelegate : Finished Spring Data repository scanning in 151 ms. Found 2 JPA repository interfaces.
2022-05-04 11:02:48.219  INFO 3396 --- [main] o.s.b.w.embedded.tomcat.TomcatWebServer  : Tomcat initialized with port(s): 9091 (http)
2022-05-04 11:02:48.279  INFO 3396 --- [main] o.apache.catalina.core.StandardService   : Starting service [Tomcat]
2022-05-04 11:02:48.280  INFO 3396 --- [main] org.apache.catalina.core.StandardEngine  : Starting Servlet engine: [Apache Tomcat/9.0.53]
2022-05-04 11:02:48.629  INFO 3396 --- [main] o.a.c.c.C.[Tomcat].[localhost].[/]       : Initializing Spring embedded WebApplicationContext
2022-05-04 11:02:48.630  INFO 3396 --- [main] w.s.c.ServletWebServerApplicationContext : Root WebApplicationContext: initialization completed in 8396 ms
2022-05-04 11:02:49.403  INFO 3396 --- [main] o.hibernate.jpa.internal.util.LogHelper  : HHH000204: Processing PersistenceUnitInfo [name: default]
2022-05-04 11:02:49.626  INFO 3396 --- [main] org.hibernate.Version                    : HHH000412: Hibernate ORM core version 5.4.32.Final
2022-05-04 11:02:50.357  INFO 3396 --- [main] o.hibernate.annotations.common.Version   : HCANN000001: Hibernate Commons Annotations {5.1.2.Final}
2022-05-04 11:02:50.905  INFO 3396 --- [main] com.zaxxer.hikari.HikariDataSource       : HikariPool-1 - Starting...
2022-05-04 11:02:50.929  WARN 3396 --- [main] com.zaxxer.hikari.util.DriverDataSource  : Registered driver with driverClassName=com.mysql.jdbc.Driver was not found, trying direct instantiation.
2022-05-04 11:02:53.117  INFO 3396 --- [main] com.zaxxer.hikari.HikariDataSource       : HikariPool-1 - Start completed.
2022-05-04 11:02:53.225  INFO 3396 --- [main] org.hibernate.dialect.Dialect            : HHH000400: Using dialect: org.hibernate.dialect.MySQL8Dialect
2022-05-04 11:03:07.508  INFO 3396 --- [main] o.h.e.t.j.p.i.JtaPlatformInitiator       : HHH000490: Using JtaPlatform implementation: [org.hibernate.engine.transaction.jta.platform.internal.NoJtaPlatform]
2022-05-04 11:03:07.522  INFO 3396 --- [main] j.LocalContainerEntityManagerFactoryBean : Initialized JPA EntityManagerFactory for persistence unit 'default'
2022-05-04 11:03:09.137  WARN 3396 --- [main] JpaBaseConfiguration$JpaWebConfiguration : spring.jpa.open-in-view is enabled by default. Therefore, database queries may be performed during view rendering. Explicitly configure spring.jpa.open-in-view to disable this warning
2022-05-04 11:03:12.212  INFO 3396 --- [main] pertySourcedRequestMappingHandlerMapping : Mapped URL path [/v2/api-docs] onto method [springfox.documentation.swagger2.web.Swagger2Controller#getDocumentation(String, HttpServletRequest)]
2022-05-04 11:03:12.462  INFO 3396 --- [main] o.s.s.web.DefaultSecurityFilterChain     : Will secure any request with [org.springframework.security.web.context.request.async.WebAsyncManagerIntegrationFilter@2284058a, org.springframework.security.web.context.SecurityContextPersistenceFilter@b867869, org.springframework.security.web.header.HeaderWriterFilter@28effa3f, org.springframework.web.filter.CorsFilter@5b11d0d8, org.springframework.security.web.authentication.logout.LogoutFilter@2ffaa711, com.prismaticsoftware.leavemanagementsystem.configuration.JwtAunthenticationFilter@37a939bc, org.springframework.security.web.authentication.UsernamePasswordAuthenticationFilter@2bf2523f, org.springframework.security.web.savedrequest.RequestCacheAwareFilter@73158d35, org.springframework.security.web.servletapi.SecurityContextHolderAwareRequestFilter@362e6fe, org.springframework.security.web.authentication.AnonymousAuthenticationFilter@5cf39df6, org.springframework.security.web.session.SessionManagementFilter@2db4a84a, org.springframework.security.web.access.ExceptionTranslationFilter@600a1270, org.springframework.security.web.access.intercept.FilterSecurityInterceptor@6e70861]
2022-05-04 11:03:13.264  INFO 3396 --- [main] o.s.b.w.embedded.tomcat.TomcatWebServer  : Tomcat started on port(s): 9091 (http) with context path ''
2022-05-04 11:03:13.265  INFO 3396 --- [main] d.s.w.p.DocumentationPluginsBootstrapper : Context refreshed
2022-05-04 11:03:13.343  INFO 3396 --- [main] d.s.w.p.DocumentationPluginsBootstrapper : Found 1 custom documentation plugin(s)
2022-05-04 11:03:13.380  INFO 3396 --- [main] s.d.s.w.s.ApiListingReferenceScanner     : Scanning for api listing references
2022-05-04 11:03:13.838  INFO 3396 --- [main] c.p.l.LeaveManagementSystem              : Started LeaveManagementSystem in 36.762 seconds (JVM running for 40.118)
